<?xml version="1.0" encoding="UTF-8" standalone="no"?>
<testsuite failures="0" name="cucumber.runtime.formatter.JUnitFormatter" skipped="0" tests="5" time="0.171158">
<testcase classname="Free CRM application Testing" name="Login with correct username and incorrect password" time="0.170945">
<system-out><![CDATA[Given this is a invalid login test..........................................passed
]]></system-out>
</testcase>
<testcase classname="Free CRM application Testing" name="Create new deal" time="0.000066">
<system-out><![CDATA[Given this is create deal test..............................................passed
]]></system-out>
</testcase>
<testcase classname="Free CRM application Testing" name="seach a contact" time="0.000036">
<system-out><![CDATA[Given search contact test...................................................passed
]]></system-out>
</testcase>
<testcase classname="Free CRM application Testing" name="seach a docs" time="0.00006">
<system-out><![CDATA[Given search docs test......................................................passed
]]></system-out>
</testcase>
<testcase classname="Free CRM application Testing" name="seach a forms" time="0.000051">
<system-out><![CDATA[Given search forms test.....................................................passed
]]></system-out>
</testcase>
</testsuite>
